Using pre-set license

 COMMAND LINE ARGUMENTS:
/Applications/Unity/Hub/Editor/2020.2.5f1/Unity.app/Contents/MacOS/Unity
-adb2
-batchMode
-noUpm
-name
AssetImportWorker0
-projectPath
/Users/delaineabner/Documents/Unity/Delaine-Unity-Games/Senior Work
-logFile
Logs/AssetImportWorker0.log
-srvPort
52446
Successfully changed project path to: /Users/delaineabner/Documents/Unity/Delaine-Unity-Games/Senior Work
/Users/delaineabner/Documents/Unity/Delaine-Unity-Games/Senior Work
Using Asset Import Pipeline V2.
Refreshing native plugins compatible for Editor in 41.88 ms, found 1 plugins.
Preloading 0 native plugins for Editor in 0.00 ms.
Initialize engine version: 2020.2.5f1 (e2c53f129de5)
[Subsystems] Discovering subsystems at path /Applications/Unity/Hub/Editor/2020.2.5f1/Unity.app/Contents/Resources/UnitySubsystems
[Subsystems] Discovering subsystems at path /Users/delaineabner/Documents/Unity/Delaine-Unity-Games/Senior Work/Assets
GfxDevice: creating device client; threaded=0
2021-04-20 22:35:59.628 Unity[39621:367140] Color LCD preferred device: Intel(R) Iris(TM) Graphics 6100 (low power)
2021-04-20 22:35:59.628 Unity[39621:367140] Metal devices available: 1
2021-04-20 22:35:59.628 Unity[39621:367140] 0: Intel(R) Iris(TM) Graphics 6100 (low power)
2021-04-20 22:35:59.628 Unity[39621:367140] Using device Intel(R) Iris(TM) Graphics 6100 (low power)
Initializing Metal device caps: Intel(R) Iris(TM) Graphics 6100
Initialize mono
Mono path[0] = '/Applications/Unity/Hub/Editor/2020.2.5f1/Unity.app/Contents/Managed'
Mono path[1] = '/Applications/Unity/Hub/Editor/2020.2.5f1/Unity.app/Contents/MonoBleedingEdge/lib/mono/unityjit'
Mono config path = '/Applications/Unity/Hub/Editor/2020.2.5f1/Unity.app/Contents/MonoBleedingEdge/etc'
Using monoOptions --debugger-agent=transport=dt_socket,embedding=1,server=y,suspend=n,address=127.0.0.1:56621
Begin MonoManager ReloadAssembly
Registering precompiled unity dll's ...
Register platform support module: /Applications/Unity/Hub/Editor/2020.2.5f1/Unity.app/Contents/PlaybackEngines/MacStandaloneSupport/UnityEditor.OSXStandalone.Extensions.dll
Registered in 0.000777 seconds.
Native extension for OSXStandalone target not found
Refreshing native plugins compatible for Editor in 62.16 ms, found 1 plugins.
Preloading 0 native plugins for Editor in 0.00 ms.
Invoked RoslynAnalysisRunner static constructor.
RoslynAnalysisRunner will not be running.
RoslynAnalysisRunner has terminated.
Mono: successfully reloaded assembly
- Completed reload, in  2.686 seconds
Platform modules already initialized, skipping
Registering precompiled user dll's ...
Registered in 0.000844 seconds.
Begin MonoManager ReloadAssembly
Native extension for OSXStandalone target not found
Refreshing native plugins compatible for Editor in 0.61 ms, found 1 plugins.
Preloading 0 native plugins for Editor in 0.00 ms.
Invoked RoslynAnalysisRunner static constructor.
RoslynAnalysisRunner will not be running.
RoslynAnalysisRunner has terminated.
Mono: successfully reloaded assembly
- Completed reload, in  1.430 seconds
Platform modules already initialized, skipping
========================================================================
Worker process is ready to serve import requests
Launching external process: /Applications/Unity/Hub/Editor/2020.2.5f1/Unity.app/Contents/Tools/UnityShaderCompiler
Launched and connected shader compiler UnityShaderCompiler after 0.02 seconds
Refreshing native plugins compatible for Editor in 0.39 ms, found 1 plugins.
Preloading 0 native plugins for Editor in 0.00 ms.
Unloading 1161 Unused Serialized files (Serialized files now loaded: 0)
System memory in use before: 215.8 MB.
System memory in use after: 215.9 MB.

Unloading 8 unused Assets to reduce memory usage. Loaded Objects now: 1643.
Total: 4.735127 ms (FindLiveObjects: 0.534302 ms CreateObjectMapping: 0.173723 ms MarkObjects: 3.968590 ms  DeleteObjects: 0.055922 ms)

========================================================================
Received Import Request.
  path: Assets/Prefabs/Exits/Timer.prefab
  artifactKey: Guid(1e99e260de27e44f3ba00ccdd517d4aa) Importer(815301076,1909f56bfc062723c751e8b465ee728b)
Start importing Assets/Prefabs/Exits/Timer.prefab using Guid(1e99e260de27e44f3ba00ccdd517d4aa) Importer(815301076,1909f56bfc062723c751e8b465ee728b)  -> (artifact id: '11a6c42c27fdf50eb526f2de89a5fadb') in 4.055124 seconds
  Import took 4.066158 seconds .

========================================================================
Received Import Request.
  Time since last request: 18.656319 seconds.
  path: Assets/Scripts/Utils/IncrementingTimer.cs
  artifactKey: Guid(56c0d672397114ae489d8aa86fd45971) Importer(815301076,1909f56bfc062723c751e8b465ee728b)
Start importing Assets/Scripts/Utils/IncrementingTimer.cs using Guid(56c0d672397114ae489d8aa86fd45971) Importer(815301076,1909f56bfc062723c751e8b465ee728b)  -> (artifact id: '1ea6a4e5ec50a33a0a3004cf65d22990') in 0.506479 seconds
  Import took 0.513825 seconds .

========================================================================
Received Prepare
Registering precompiled user dll's ...
Registered in 0.001011 seconds.
Begin MonoManager ReloadAssembly
Native extension for OSXStandalone target not found
Refreshing native plugins compatible for Editor in 0.39 ms, found 1 plugins.
Preloading 0 native plugins for Editor in 0.00 ms.
Invoked RoslynAnalysisRunner static constructor.
RoslynAnalysisRunner will not be running.
RoslynAnalysisRunner has terminated.
Mono: successfully reloaded assembly
- Completed reload, in  1.534 seconds
Platform modules already initialized, skipping
Refreshing native plugins compatible for Editor in 0.35 ms, found 1 plugins.
Preloading 0 native plugins for Editor in 0.00 ms.
Unloading 1140 Unused Serialized files (Serialized files now loaded: 0)
System memory in use before: 223.6 MB.
System memory in use after: 223.6 MB.

Unloading 4 unused Assets to reduce memory usage. Loaded Objects now: 1646.
Total: 3.641666 ms (FindLiveObjects: 0.528514 ms CreateObjectMapping: 0.131284 ms MarkObjects: 2.939793 ms  DeleteObjects: 0.039423 ms)

========================================================================
Received Prepare
Registering precompiled user dll's ...
Registered in 0.000757 seconds.
Begin MonoManager ReloadAssembly
Native extension for OSXStandalone target not found
Refreshing native plugins compatible for Editor in 0.34 ms, found 1 plugins.
Preloading 0 native plugins for Editor in 0.00 ms.
Invoked RoslynAnalysisRunner static constructor.
RoslynAnalysisRunner will not be running.
RoslynAnalysisRunner has terminated.
Mono: successfully reloaded assembly
- Completed reload, in  1.178 seconds
Platform modules already initialized, skipping
Refreshing native plugins compatible for Editor in 0.38 ms, found 1 plugins.
Preloading 0 native plugins for Editor in 0.00 ms.
Unloading 1140 Unused Serialized files (Serialized files now loaded: 0)
System memory in use before: 223.9 MB.
System memory in use after: 224.0 MB.

Unloading 4 unused Assets to reduce memory usage. Loaded Objects now: 1648.
Total: 2.864543 ms (FindLiveObjects: 0.296046 ms CreateObjectMapping: 0.068188 ms MarkObjects: 2.470172 ms  DeleteObjects: 0.025867 ms)

========================================================================
Received Prepare
Registering precompiled user dll's ...
Registered in 0.000640 seconds.
Begin MonoManager ReloadAssembly
Native extension for OSXStandalone target not found
Refreshing native plugins compatible for Editor in 0.57 ms, found 1 plugins.
Preloading 0 native plugins for Editor in 0.00 ms.
Invoked RoslynAnalysisRunner static constructor.
RoslynAnalysisRunner will not be running.
RoslynAnalysisRunner has terminated.
Mono: successfully reloaded assembly
- Completed reload, in  1.199 seconds
Platform modules already initialized, skipping
Refreshing native plugins compatible for Editor in 0.40 ms, found 1 plugins.
Preloading 0 native plugins for Editor in 0.00 ms.
Unloading 1140 Unused Serialized files (Serialized files now loaded: 0)
System memory in use before: 224.3 MB.
System memory in use after: 224.4 MB.

Unloading 4 unused Assets to reduce memory usage. Loaded Objects now: 1650.
Total: 1.869608 ms (FindLiveObjects: 0.215945 ms CreateObjectMapping: 0.045624 ms MarkObjects: 1.588807 ms  DeleteObjects: 0.016848 ms)

========================================================================
Received Import Request.
  Time since last request: 325.127501 seconds.
  path: Assets/Scenes/Boot.unity
  artifactKey: Guid(7ef02a19492df40108cb213f203016ef) Importer(815301076,1909f56bfc062723c751e8b465ee728b)
Start importing Assets/Scenes/Boot.unity using Guid(7ef02a19492df40108cb213f203016ef) Importer(815301076,1909f56bfc062723c751e8b465ee728b)  -> (artifact id: '627c5df39ae788f110afe5608678da1e') in 0.038090 seconds
  Import took 0.041805 seconds .

========================================================================
Received Import Request.
  Time since last request: 254.451639 seconds.
  path: Assets/Scenes/Level 2.unity
  artifactKey: Guid(8a1fabfaac7e04af29dc3664bfd4f100) Importer(815301076,1909f56bfc062723c751e8b465ee728b)
Start importing Assets/Scenes/Level 2.unity using Guid(8a1fabfaac7e04af29dc3664bfd4f100) Importer(815301076,1909f56bfc062723c751e8b465ee728b)  -> (artifact id: 'bc12431c48ee0b6dd1c61f2e682e584e') in 0.001568 seconds
  Import took 0.004549 seconds .

========================================================================
Received Import Request.
  Time since last request: 0.000408 seconds.
  path: Assets/Scenes/Level 2.unity
  artifactKey: Guid(8a1fabfaac7e04af29dc3664bfd4f100) Importer(815301076,1909f56bfc062723c751e8b465ee728b)
Start importing Assets/Scenes/Level 2.unity using Guid(8a1fabfaac7e04af29dc3664bfd4f100) Importer(815301076,1909f56bfc062723c751e8b465ee728b)  -> (artifact id: 'bc12431c48ee0b6dd1c61f2e682e584e') in 0.001724 seconds
  Import took 0.013474 seconds .

========================================================================
Received Prepare
Registering precompiled user dll's ...
Registered in 0.001126 seconds.
Begin MonoManager ReloadAssembly
Native extension for OSXStandalone target not found
Refreshing native plugins compatible for Editor in 0.35 ms, found 1 plugins.
Preloading 0 native plugins for Editor in 0.00 ms.
Invoked RoslynAnalysisRunner static constructor.
RoslynAnalysisRunner will not be running.
RoslynAnalysisRunner has terminated.
Mono: successfully reloaded assembly
- Completed reload, in  1.531 seconds
Platform modules already initialized, skipping
Refreshing native plugins compatible for Editor in 0.36 ms, found 1 plugins.
Preloading 0 native plugins for Editor in 0.00 ms.
Unloading 1140 Unused Serialized files (Serialized files now loaded: 0)
System memory in use before: 224.7 MB.
System memory in use after: 224.8 MB.

Unloading 4 unused Assets to reduce memory usage. Loaded Objects now: 1652.
Total: 1.866497 ms (FindLiveObjects: 0.207488 ms CreateObjectMapping: 0.041949 ms MarkObjects: 1.596754 ms  DeleteObjects: 0.017999 ms)

========================================================================
Received Import Request.
  Time since last request: 59.277000 seconds.
  path: Assets/Prefabs/avoid crashing into/ferns.prefab
  artifactKey: Guid(8b651174651784014be1ffa400e65995) Importer(815301076,1909f56bfc062723c751e8b465ee728b)
Start importing Assets/Prefabs/avoid crashing into/ferns.prefab using Guid(8b651174651784014be1ffa400e65995) Importer(815301076,1909f56bfc062723c751e8b465ee728b)  -> (artifact id: 'cc0262d8057c9a5f59a7a6372eaae800') in 0.145082 seconds
  Import took 0.148641 seconds .

========================================================================
Received Import Request.
  Time since last request: 0.000336 seconds.
  path: Assets/Prefabs/avoid crashing into/Level1Rock.prefab
  artifactKey: Guid(5d72370c7f0d647bc9f3460058137e74) Importer(815301076,1909f56bfc062723c751e8b465ee728b)
Start importing Assets/Prefabs/avoid crashing into/Level1Rock.prefab using Guid(5d72370c7f0d647bc9f3460058137e74) Importer(815301076,1909f56bfc062723c751e8b465ee728b)  -> (artifact id: '67bfe1215cd9b81df44815c90e6f1efb') in 0.088033 seconds
  Import took 0.092452 seconds .

========================================================================
Received Import Request.
  Time since last request: 0.000348 seconds.
  path: Assets/Prefabs/avoid crashing into/pine2b.prefab
  artifactKey: Guid(beb03986b559a49a39fe8a4dd21ab740) Importer(815301076,1909f56bfc062723c751e8b465ee728b)
Start importing Assets/Prefabs/avoid crashing into/pine2b.prefab using Guid(beb03986b559a49a39fe8a4dd21ab740) Importer(815301076,1909f56bfc062723c751e8b465ee728b)  -> (artifact id: 'cc55e30a2f2f3912a28b6e846117e9db') in 0.029113 seconds
  Import took 0.032805 seconds .

========================================================================
Received Import Request.
  Time since last request: 0.002005 seconds.
  path: Assets/Prefabs/avoid crashing into/pine1a.prefab
  artifactKey: Guid(0604441a1e59049748fb38106fcb08dc) Importer(815301076,1909f56bfc062723c751e8b465ee728b)
Start importing Assets/Prefabs/avoid crashing into/pine1a.prefab using Guid(0604441a1e59049748fb38106fcb08dc) Importer(815301076,1909f56bfc062723c751e8b465ee728b)  -> (artifact id: '57a16adb066e4e4dad27147e9775a905') in 0.030348 seconds
  Import took 0.041507 seconds .

========================================================================
Received Import Request.
  Time since last request: 0.000422 seconds.
  path: Assets/Prefabs/avoid crashing into/level2Rock.prefab
  artifactKey: Guid(d4351adb0856b43f4956f5d6f680c6dc) Importer(815301076,1909f56bfc062723c751e8b465ee728b)
Start importing Assets/Prefabs/avoid crashing into/level2Rock.prefab using Guid(d4351adb0856b43f4956f5d6f680c6dc) Importer(815301076,1909f56bfc062723c751e8b465ee728b)  -> (artifact id: '7c12e8f6a169674718e4ff1814f81943') in 0.063837 seconds
  Import took 0.075133 seconds .

========================================================================
Received Import Request.
  Time since last request: 38.612755 seconds.
  path: Assets/Scenes/Boot.unity
  artifactKey: Guid(7ef02a19492df40108cb213f203016ef) Importer(815301076,1909f56bfc062723c751e8b465ee728b)
Start importing Assets/Scenes/Boot.unity using Guid(7ef02a19492df40108cb213f203016ef) Importer(815301076,1909f56bfc062723c751e8b465ee728b)  -> (artifact id: 'f55af75957d0d6121caee0f91d518734') in 0.007997 seconds
  Import took 0.015126 seconds .

========================================================================
Received Import Request.
  Time since last request: 0.006888 seconds.
  path: Assets/Scenes/Boot.unity
  artifactKey: Guid(7ef02a19492df40108cb213f203016ef) Importer(815301076,1909f56bfc062723c751e8b465ee728b)
Start importing Assets/Scenes/Boot.unity using Guid(7ef02a19492df40108cb213f203016ef) Importer(815301076,1909f56bfc062723c751e8b465ee728b)  -> (artifact id: 'f55af75957d0d6121caee0f91d518734') in 0.009171 seconds
  Import took 0.023586 seconds .

========================================================================
Received Prepare
Registering precompiled user dll's ...
Registered in 0.001309 seconds.
Begin MonoManager ReloadAssembly
Native extension for OSXStandalone target not found
Refreshing native plugins compatible for Editor in 0.34 ms, found 1 plugins.
Preloading 0 native plugins for Editor in 0.00 ms.
Invoked RoslynAnalysisRunner static constructor.
RoslynAnalysisRunner will not be running.
RoslynAnalysisRunner has terminated.
Mono: successfully reloaded assembly
- Completed reload, in  1.437 seconds
Platform modules already initialized, skipping
Refreshing native plugins compatible for Editor in 0.39 ms, found 1 plugins.
Preloading 0 native plugins for Editor in 0.00 ms.
Unloading 1140 Unused Serialized files (Serialized files now loaded: 0)
System memory in use before: 228.7 MB.
System memory in use after: 228.7 MB.

Unloading 4 unused Assets to reduce memory usage. Loaded Objects now: 1661.
Total: 1.834334 ms (FindLiveObjects: 0.247873 ms CreateObjectMapping: 0.041300 ms MarkObjects: 1.525304 ms  DeleteObjects: 0.018279 ms)

========================================================================
Received Import Request.
  Time since last request: 207.095339 seconds.
  path: Assets/Prefabs/avoid crashing into/level2Rock.prefab
  artifactKey: Guid(d4351adb0856b43f4956f5d6f680c6dc) Importer(815301076,1909f56bfc062723c751e8b465ee728b)
Start importing Assets/Prefabs/avoid crashing into/level2Rock.prefab using Guid(d4351adb0856b43f4956f5d6f680c6dc) Importer(815301076,1909f56bfc062723c751e8b465ee728b)  -> (artifact id: '82fcef89dfb210cf1171fe4692b345c7') in 0.185778 seconds
  Import took 0.190306 seconds .

========================================================================
Received Prepare
Registering precompiled user dll's ...
Registered in 0.001216 seconds.
Begin MonoManager ReloadAssembly
Native extension for OSXStandalone target not found
Refreshing native plugins compatible for Editor in 0.38 ms, found 1 plugins.
Preloading 0 native plugins for Editor in 0.00 ms.
Invoked RoslynAnalysisRunner static constructor.
RoslynAnalysisRunner will not be running.
RoslynAnalysisRunner has terminated.
Mono: successfully reloaded assembly
- Completed reload, in  1.417 seconds
Platform modules already initialized, skipping
Refreshing native plugins compatible for Editor in 0.33 ms, found 1 plugins.
Preloading 0 native plugins for Editor in 0.00 ms.
Unloading 1140 Unused Serialized files (Serialized files now loaded: 0)
System memory in use before: 229.0 MB.
System memory in use after: 229.1 MB.

Unloading 4 unused Assets to reduce memory usage. Loaded Objects now: 1664.
Total: 2.105208 ms (FindLiveObjects: 0.233328 ms CreateObjectMapping: 0.084728 ms MarkObjects: 1.766769 ms  DeleteObjects: 0.018925 ms)

========================================================================
Received Prepare
Registering precompiled user dll's ...
Registered in 0.001048 seconds.
Begin MonoManager ReloadAssembly
Native extension for OSXStandalone target not found
Refreshing native plugins compatible for Editor in 0.36 ms, found 1 plugins.
Preloading 0 native plugins for Editor in 0.00 ms.
Invoked RoslynAnalysisRunner static constructor.
RoslynAnalysisRunner will not be running.
RoslynAnalysisRunner has terminated.
Mono: successfully reloaded assembly
- Completed reload, in  1.327 seconds
Platform modules already initialized, skipping
Refreshing native plugins compatible for Editor in 0.34 ms, found 1 plugins.
Preloading 0 native plugins for Editor in 0.00 ms.
Unloading 1140 Unused Serialized files (Serialized files now loaded: 0)
System memory in use before: 229.4 MB.
System memory in use after: 229.5 MB.

Unloading 4 unused Assets to reduce memory usage. Loaded Objects now: 1666.
Total: 1.953704 ms (FindLiveObjects: 0.194215 ms CreateObjectMapping: 0.042701 ms MarkObjects: 1.694840 ms  DeleteObjects: 0.019422 ms)

========================================================================
Received Prepare
Registering precompiled user dll's ...
Registered in 0.001230 seconds.
Begin MonoManager ReloadAssembly
Native extension for OSXStandalone target not found
Refreshing native plugins compatible for Editor in 0.39 ms, found 1 plugins.
Preloading 0 native plugins for Editor in 0.00 ms.
Invoked RoslynAnalysisRunner static constructor.
RoslynAnalysisRunner will not be running.
RoslynAnalysisRunner has terminated.
Mono: successfully reloaded assembly
- Completed reload, in  1.409 seconds
Platform modules already initialized, skipping
Refreshing native plugins compatible for Editor in 0.43 ms, found 1 plugins.
Preloading 0 native plugins for Editor in 0.00 ms.
Unloading 1140 Unused Serialized files (Serialized files now loaded: 0)
System memory in use before: 229.8 MB.
System memory in use after: 229.9 MB.

Unloading 4 unused Assets to reduce memory usage. Loaded Objects now: 1668.
Total: 1.957546 ms (FindLiveObjects: 0.239731 ms CreateObjectMapping: 0.043334 ms MarkObjects: 1.653496 ms  DeleteObjects: 0.019235 ms)

========================================================================
Received Import Request.
  Time since last request: 631.424024 seconds.
  path: Assets/Scenes/Level 1.unity
  artifactKey: Guid(4e650e941a9ce4d26a6ce77db477ed6a) Importer(815301076,1909f56bfc062723c751e8b465ee728b)
Start importing Assets/Scenes/Level 1.unity using Guid(4e650e941a9ce4d26a6ce77db477ed6a) Importer(815301076,1909f56bfc062723c751e8b465ee728b)  -> (artifact id: 'c415a8971318df0517a666720749bbfe') in 0.029527 seconds
  Import took 0.034778 seconds .

========================================================================
Received Import Request.
  Time since last request: 0.004194 seconds.
  path: Assets/Scenes/Level 1.unity
  artifactKey: Guid(4e650e941a9ce4d26a6ce77db477ed6a) Importer(815301076,1909f56bfc062723c751e8b465ee728b)
Start importing Assets/Scenes/Level 1.unity using Guid(4e650e941a9ce4d26a6ce77db477ed6a) Importer(815301076,1909f56bfc062723c751e8b465ee728b)  -> (artifact id: 'c415a8971318df0517a666720749bbfe') in 0.015050 seconds
  Import took 0.018639 seconds .

========================================================================
Received Prepare
Registering precompiled user dll's ...
Registered in 0.001171 seconds.
Begin MonoManager ReloadAssembly
Native extension for OSXStandalone target not found
Refreshing native plugins compatible for Editor in 0.45 ms, found 1 plugins.
Preloading 0 native plugins for Editor in 0.00 ms.
Invoked RoslynAnalysisRunner static constructor.
RoslynAnalysisRunner will not be running.
RoslynAnalysisRunner has terminated.
Mono: successfully reloaded assembly
- Completed reload, in  2.285 seconds
Platform modules already initialized, skipping
Refreshing native plugins compatible for Editor in 0.36 ms, found 1 plugins.
Preloading 0 native plugins for Editor in 0.00 ms.
Unloading 1140 Unused Serialized files (Serialized files now loaded: 0)
System memory in use before: 230.2 MB.
System memory in use after: 230.2 MB.

Unloading 4 unused Assets to reduce memory usage. Loaded Objects now: 1670.
Total: 2.031717 ms (FindLiveObjects: 0.231483 ms CreateObjectMapping: 0.041905 ms MarkObjects: 1.736437 ms  DeleteObjects: 0.019808 ms)

========================================================================
Received Import Request.
  Time since last request: 206.806633 seconds.
  path: Assets/Scenes/Level 2.unity
  artifactKey: Guid(8a1fabfaac7e04af29dc3664bfd4f100) Importer(815301076,1909f56bfc062723c751e8b465ee728b)
Start importing Assets/Scenes/Level 2.unity using Guid(8a1fabfaac7e04af29dc3664bfd4f100) Importer(815301076,1909f56bfc062723c751e8b465ee728b)  -> (artifact id: 'a0331a0af710a4597e5953c94ee21748') in 0.034037 seconds
  Import took 0.040142 seconds .

========================================================================
Received Import Request.
  Time since last request: 70.599499 seconds.
  path: Assets/TextMesh Pro/Resources/Fonts & Materials/LiberationSans SDF - Fallback.asset
  artifactKey: Guid(2e498d1c8094910479dc3e1b768306a4) Importer(815301076,1909f56bfc062723c751e8b465ee728b)
Start importing Assets/TextMesh Pro/Resources/Fonts & Materials/LiberationSans SDF - Fallback.asset using Guid(2e498d1c8094910479dc3e1b768306a4) Importer(815301076,1909f56bfc062723c751e8b465ee728b)  -> (artifact id: '35f9cdbe31446aa7bcbeec6a34e77194') in 0.890067 seconds
  Import took 0.898408 seconds .

========================================================================
Received Import Request.
  Time since last request: 0.005354 seconds.
  path: Assets/TextMesh Pro/Resources/Fonts & Materials/LiberationSans SDF - Fallback.asset
  artifactKey: Guid(2e498d1c8094910479dc3e1b768306a4) Importer(815301076,1909f56bfc062723c751e8b465ee728b)
Start importing Assets/TextMesh Pro/Resources/Fonts & Materials/LiberationSans SDF - Fallback.asset using Guid(2e498d1c8094910479dc3e1b768306a4) Importer(815301076,1909f56bfc062723c751e8b465ee728b)  -> (artifact id: '35f9cdbe31446aa7bcbeec6a34e77194') in 0.018701 seconds
  Import took 0.023925 seconds .

========================================================================
Received Import Request.
  Time since last request: 84.917334 seconds.
  path: Assets/Scenes/Level 3.unity
  artifactKey: Guid(b7ed9885cecda4420a99309607c21348) Importer(815301076,1909f56bfc062723c751e8b465ee728b)
Start importing Assets/Scenes/Level 3.unity using Guid(b7ed9885cecda4420a99309607c21348) Importer(815301076,1909f56bfc062723c751e8b465ee728b)  -> (artifact id: '94c2ff758279c9d0fcee8157279d7176') in 0.008170 seconds
  Import took 0.014543 seconds .

========================================================================
Received Prepare
Registering precompiled user dll's ...
Registered in 0.000879 seconds.
Begin MonoManager ReloadAssembly
Native extension for OSXStandalone target not found
Refreshing native plugins compatible for Editor in 0.55 ms, found 1 plugins.
Preloading 0 native plugins for Editor in 0.00 ms.
Invoked RoslynAnalysisRunner static constructor.
RoslynAnalysisRunner will not be running.
RoslynAnalysisRunner has terminated.
Mono: successfully reloaded assembly
- Completed reload, in  3.012 seconds
Platform modules already initialized, skipping
Refreshing native plugins compatible for Editor in 0.63 ms, found 1 plugins.
Preloading 0 native plugins for Editor in 0.00 ms.
Unloading 1140 Unused Serialized files (Serialized files now loaded: 0)
System memory in use before: 235.6 MB.
System memory in use after: 235.7 MB.

Unloading 4 unused Assets to reduce memory usage. Loaded Objects now: 1709.
Total: 3.738029 ms (FindLiveObjects: 0.402236 ms CreateObjectMapping: 0.116135 ms MarkObjects: 3.190897 ms  DeleteObjects: 0.026877 ms)

========================================================================
Received Prepare
Registering precompiled user dll's ...
Registered in 0.001473 seconds.
Begin MonoManager ReloadAssembly
Native extension for OSXStandalone target not found
Refreshing native plugins compatible for Editor in 0.39 ms, found 1 plugins.
Preloading 0 native plugins for Editor in 0.00 ms.
Invoked RoslynAnalysisRunner static constructor.
RoslynAnalysisRunner will not be running.
RoslynAnalysisRunner has terminated.
Mono: successfully reloaded assembly
- Completed reload, in  3.511 seconds
Platform modules already initialized, skipping
Refreshing native plugins compatible for Editor in 1.70 ms, found 1 plugins.
Preloading 0 native plugins for Editor in 0.00 ms.
Unloading 1140 Unused Serialized files (Serialized files now loaded: 0)
System memory in use before: 236.0 MB.
System memory in use after: 236.0 MB.

Unloading 4 unused Assets to reduce memory usage. Loaded Objects now: 1711.
Total: 5.248462 ms (FindLiveObjects: 0.287317 ms CreateObjectMapping: 0.068783 ms MarkObjects: 4.860170 ms  DeleteObjects: 0.028841 ms)

========================================================================
Received Import Request.
  Time since last request: 325.540444 seconds.
  path: Assets/Prefabs/avoid crashing into/Enemies/enemy1.prefab
  artifactKey: Guid(23948e045893049efa0b2a1b161e469d) Importer(815301076,1909f56bfc062723c751e8b465ee728b)
Start importing Assets/Prefabs/avoid crashing into/Enemies/enemy1.prefab using Guid(23948e045893049efa0b2a1b161e469d) Importer(815301076,1909f56bfc062723c751e8b465ee728b)  -> (artifact id: '6373f00594b14a014e74e688c78f4138') in 0.503472 seconds
  Import took 0.513313 seconds .

========================================================================
Received Import Request.
  Time since last request: 0.000401 seconds.
  path: Assets/Prefabs/avoid crashing into/Enemies/enemy2.prefab
  artifactKey: Guid(6d6e35ee93bf34f3185c5cc6cf2cc2f0) Importer(815301076,1909f56bfc062723c751e8b465ee728b)
Start importing Assets/Prefabs/avoid crashing into/Enemies/enemy2.prefab using Guid(6d6e35ee93bf34f3185c5cc6cf2cc2f0) Importer(815301076,1909f56bfc062723c751e8b465ee728b)  -> (artifact id: 'd54c23389649655b072979914f0bd811') in 0.114054 seconds
  Import took 0.121316 seconds .

========================================================================
Received Import Request.
  Time since last request: 0.000365 seconds.
  path: Assets/Prefabs/avoid crashing into/Enemies/enemy1.prefab
  artifactKey: Guid(23948e045893049efa0b2a1b161e469d) Importer(815301076,1909f56bfc062723c751e8b465ee728b)
Start importing Assets/Prefabs/avoid crashing into/Enemies/enemy1.prefab using Guid(23948e045893049efa0b2a1b161e469d) Importer(815301076,1909f56bfc062723c751e8b465ee728b)  -> (artifact id: '6373f00594b14a014e74e688c78f4138') in 0.084462 seconds
  Import took 0.091246 seconds .

========================================================================
Received Import Request.
  Time since last request: 0.000392 seconds.
  path: Assets/Prefabs/avoid crashing into/Enemies/enemy2.prefab
  artifactKey: Guid(6d6e35ee93bf34f3185c5cc6cf2cc2f0) Importer(815301076,1909f56bfc062723c751e8b465ee728b)
Start importing Assets/Prefabs/avoid crashing into/Enemies/enemy2.prefab using Guid(6d6e35ee93bf34f3185c5cc6cf2cc2f0) Importer(815301076,1909f56bfc062723c751e8b465ee728b)  -> (artifact id: 'd54c23389649655b072979914f0bd811') in 0.056489 seconds
  Import took 0.062971 seconds .

========================================================================
Received Import Request.
  Time since last request: 111.511695 seconds.
  path: Assets/Prefabs/Resources/Moving forward 1
  artifactKey: Guid(aa94c502318424d25b5b216e62742b5a) Importer(815301076,1909f56bfc062723c751e8b465ee728b)
Start importing Assets/Prefabs/Resources/Moving forward 1 using Guid(aa94c502318424d25b5b216e62742b5a) Importer(815301076,1909f56bfc062723c751e8b465ee728b)  -> (artifact id: '769b3e655ff776f3a90dbfc78d43bb4c') in 0.006684 seconds
  Import took 0.017268 seconds .

========================================================================
Received Import Request.
  Time since last request: 7.189232 seconds.
  path: Assets/Prefabs/Resources/Follow player
  artifactKey: Guid(aa94c502318424d25b5b216e62742b5a) Importer(815301076,1909f56bfc062723c751e8b465ee728b)
Start importing Assets/Prefabs/Resources/Follow player using Guid(aa94c502318424d25b5b216e62742b5a) Importer(815301076,1909f56bfc062723c751e8b465ee728b)  -> (artifact id: 'df4d7cf97d00797061bb32d2fe61cc45') in 0.004923 seconds
  Import took 0.013260 seconds .

========================================================================
Received Import Request.
  Time since last request: 1.374834 seconds.
  path: Assets/Prefabs/Resources/Follow player/nutrients 1.prefab
  artifactKey: Guid(e27668fc9b25c460e886372566374bd4) Importer(815301076,1909f56bfc062723c751e8b465ee728b)
Start importing Assets/Prefabs/Resources/Follow player/nutrients 1.prefab using Guid(e27668fc9b25c460e886372566374bd4) Importer(815301076,1909f56bfc062723c751e8b465ee728b)  -> (artifact id: '694ee994976be9f383fadfc8ac92c950') in 0.025235 seconds
  Import took 0.029523 seconds .

========================================================================
Received Import Request.
  Time since last request: 0.000535 seconds.
  path: Assets/Prefabs/Resources/Follow player/water_cloud_level_1 1.prefab
  artifactKey: Guid(258c95706c13748669a8593d7bf6d587) Importer(815301076,1909f56bfc062723c751e8b465ee728b)
Start importing Assets/Prefabs/Resources/Follow player/water_cloud_level_1 1.prefab using Guid(258c95706c13748669a8593d7bf6d587) Importer(815301076,1909f56bfc062723c751e8b465ee728b)  -> (artifact id: '9a73eac59c292dde41e3f178f9dc940e') in 0.040126 seconds
  Import took 0.047451 seconds .

========================================================================
Received Import Request.
  Time since last request: 0.003691 seconds.
  path: Assets/Prefabs/Resources/Follow player/Sun 1.prefab
  artifactKey: Guid(b667ecd48302a440c90a8e05962c0ec8) Importer(815301076,1909f56bfc062723c751e8b465ee728b)
Start importing Assets/Prefabs/Resources/Follow player/Sun 1.prefab using Guid(b667ecd48302a440c90a8e05962c0ec8) Importer(815301076,1909f56bfc062723c751e8b465ee728b)  -> (artifact id: 'c8258a0694013865d91438566fd9d9ba') in 0.035650 seconds
  Import took 0.041894 seconds .

========================================================================
Received Import Request.
  Time since last request: 11.993638 seconds.
  path: Assets/Prefabs/Resources/Follow player/nutrients 1.prefab
  artifactKey: Guid(e27668fc9b25c460e886372566374bd4) Importer(815301076,1909f56bfc062723c751e8b465ee728b)
Start importing Assets/Prefabs/Resources/Follow player/nutrients 1.prefab using Guid(e27668fc9b25c460e886372566374bd4) Importer(815301076,1909f56bfc062723c751e8b465ee728b)  -> (artifact id: 'abbaa4480b792cda650d46a50fd38c9b') in 0.039739 seconds
  Import took 0.050986 seconds .

========================================================================
Received Import Request.
  Time since last request: 7.365540 seconds.
  path: Assets/Prefabs/Resources/Follow player/Sun 1.prefab
  artifactKey: Guid(b667ecd48302a440c90a8e05962c0ec8) Importer(815301076,1909f56bfc062723c751e8b465ee728b)
Start importing Assets/Prefabs/Resources/Follow player/Sun 1.prefab using Guid(b667ecd48302a440c90a8e05962c0ec8) Importer(815301076,1909f56bfc062723c751e8b465ee728b)  -> (artifact id: '999f919acbb8c50d80a202ea963ecfe9') in 0.041703 seconds
  Import took 0.048960 seconds .

========================================================================
Received Import Request.
  Time since last request: 4.112315 seconds.
  path: Assets/Prefabs/Resources/Follow player/water_cloud_level_1 1.prefab
  artifactKey: Guid(258c95706c13748669a8593d7bf6d587) Importer(815301076,1909f56bfc062723c751e8b465ee728b)
Start importing Assets/Prefabs/Resources/Follow player/water_cloud_level_1 1.prefab using Guid(258c95706c13748669a8593d7bf6d587) Importer(815301076,1909f56bfc062723c751e8b465ee728b)  -> (artifact id: '6f7fb71022c787de5f8bc64911ca427f') in 0.045269 seconds
  Import took 0.053068 seconds .

========================================================================
Received Import Request.
  Time since last request: 30.557528 seconds.
  path: Assets/Scripts/Level 4 Scripts/EnemyLevel4.cs
  artifactKey: Guid(05fe11de5d8e149bdb091d267294f6ce) Importer(815301076,1909f56bfc062723c751e8b465ee728b)
Start importing Assets/Scripts/Level 4 Scripts/EnemyLevel4.cs using Guid(05fe11de5d8e149bdb091d267294f6ce) Importer(815301076,1909f56bfc062723c751e8b465ee728b)  -> (artifact id: '3cf69a1b3db8b1e0295c60a890083108') in 0.013087 seconds
  Import took 0.025716 seconds .

========================================================================
Received Import Request.
  Time since last request: 41.875704 seconds.
  path: Assets/Scripts/Level 4 Scripts/EnemyLevel4.cs
  artifactKey: Guid(05fe11de5d8e149bdb091d267294f6ce) Importer(815301076,1909f56bfc062723c751e8b465ee728b)
Start importing Assets/Scripts/Level 4 Scripts/EnemyLevel4.cs using Guid(05fe11de5d8e149bdb091d267294f6ce) Importer(815301076,1909f56bfc062723c751e8b465ee728b)  -> (artifact id: '9b92735b42f2c66b5b87d9acdf62e23f') in 0.006716 seconds
  Import took 0.016862 seconds .

========================================================================
Received Import Request.
  Time since last request: 0.004535 seconds.
  path: Assets/Scripts/Level 4 Scripts/EnemyLevel4.cs
  artifactKey: Guid(05fe11de5d8e149bdb091d267294f6ce) Importer(815301076,1909f56bfc062723c751e8b465ee728b)
Start importing Assets/Scripts/Level 4 Scripts/EnemyLevel4.cs using Guid(05fe11de5d8e149bdb091d267294f6ce) Importer(815301076,1909f56bfc062723c751e8b465ee728b)  -> (artifact id: '9b92735b42f2c66b5b87d9acdf62e23f') in 0.007326 seconds
  Import took 0.020491 seconds .

========================================================================
Received Import Request.
  Time since last request: 3.703598 seconds.
  path: Assets/Scripts/Level 4 Scripts/FollowPlayerLevel4.cs
  artifactKey: Guid(05fe11de5d8e149bdb091d267294f6ce) Importer(815301076,1909f56bfc062723c751e8b465ee728b)
Start importing Assets/Scripts/Level 4 Scripts/FollowPlayerLevel4.cs using Guid(05fe11de5d8e149bdb091d267294f6ce) Importer(815301076,1909f56bfc062723c751e8b465ee728b)  -> (artifact id: '63aa808d3389fb25cdcdf769120bf27f') in 0.004041 seconds
  Import took 0.009100 seconds .

========================================================================
Received Import Request.
  Time since last request: 0.020301 seconds.
  path: Assets/Scripts/Level 4 Scripts/FollowPlayerLevel4.cs
  artifactKey: Guid(05fe11de5d8e149bdb091d267294f6ce) Importer(815301076,1909f56bfc062723c751e8b465ee728b)
Start importing Assets/Scripts/Level 4 Scripts/FollowPlayerLevel4.cs using Guid(05fe11de5d8e149bdb091d267294f6ce) Importer(815301076,1909f56bfc062723c751e8b465ee728b)  -> (artifact id: '63aa808d3389fb25cdcdf769120bf27f') in 0.002787 seconds
  Import took 0.006397 seconds .

========================================================================
Received Prepare
Registering precompiled user dll's ...
Registered in 0.000749 seconds.
Begin MonoManager ReloadAssembly
Native extension for OSXStandalone target not found
Refreshing native plugins compatible for Editor in 0.79 ms, found 1 plugins.
Preloading 0 native plugins for Editor in 0.00 ms.
Invoked RoslynAnalysisRunner static constructor.
RoslynAnalysisRunner will not be running.
RoslynAnalysisRunner has terminated.
Mono: successfully reloaded assembly
- Completed reload, in  2.299 seconds
Platform modules already initialized, skipping
Refreshing native plugins compatible for Editor in 1.14 ms, found 1 plugins.
Preloading 0 native plugins for Editor in 0.00 ms.
Unloading 1140 Unused Serialized files (Serialized files now loaded: 0)
System memory in use before: 250.7 MB.
System memory in use after: 250.8 MB.

Unloading 4 unused Assets to reduce memory usage. Loaded Objects now: 1715.
Total: 4.001776 ms (FindLiveObjects: 0.650989 ms CreateObjectMapping: 0.158321 ms MarkObjects: 3.163334 ms  DeleteObjects: 0.027196 ms)

========================================================================
Received Prepare
Registering precompiled user dll's ...
Registered in 0.004591 seconds.
Begin MonoManager ReloadAssembly
Native extension for OSXStandalone target not found
Refreshing native plugins compatible for Editor in 0.61 ms, found 1 plugins.
Preloading 0 native plugins for Editor in 0.00 ms.
Invoked RoslynAnalysisRunner static constructor.
RoslynAnalysisRunner will not be running.
RoslynAnalysisRunner has terminated.
Mono: successfully reloaded assembly
- Completed reload, in  2.257 seconds
Platform modules already initialized, skipping
Refreshing native plugins compatible for Editor in 0.37 ms, found 1 plugins.
Preloading 0 native plugins for Editor in 0.00 ms.
Unloading 1140 Unused Serialized files (Serialized files now loaded: 0)
System memory in use before: 251.1 MB.
System memory in use after: 251.2 MB.

Unloading 4 unused Assets to reduce memory usage. Loaded Objects now: 1717.
Total: 3.664576 ms (FindLiveObjects: 0.496649 ms CreateObjectMapping: 0.131631 ms MarkObjects: 3.008724 ms  DeleteObjects: 0.025510 ms)

========================================================================
Received Import Request.
  Time since last request: 367.890825 seconds.
  path: Assets/Prefabs/Resources/Follow player/nutrients 1.prefab
  artifactKey: Guid(e27668fc9b25c460e886372566374bd4) Importer(815301076,1909f56bfc062723c751e8b465ee728b)
Start importing Assets/Prefabs/Resources/Follow player/nutrients 1.prefab using Guid(e27668fc9b25c460e886372566374bd4) Importer(815301076,1909f56bfc062723c751e8b465ee728b)  -> (artifact id: 'dd35f64a2f84ece43087a764d946b8d5') in 0.119187 seconds
  Import took 0.124692 seconds .

========================================================================
Received Import Request.
  Time since last request: 0.001901 seconds.
  path: Assets/Prefabs/Resources/Follow player/water_cloud_level_1 1.prefab
  artifactKey: Guid(258c95706c13748669a8593d7bf6d587) Importer(815301076,1909f56bfc062723c751e8b465ee728b)
Start importing Assets/Prefabs/Resources/Follow player/water_cloud_level_1 1.prefab using Guid(258c95706c13748669a8593d7bf6d587) Importer(815301076,1909f56bfc062723c751e8b465ee728b)  -> (artifact id: '7e9bc89624955172e7cc134560321d45') in 0.021247 seconds
  Import took 0.025206 seconds .

========================================================================
Received Import Request.
  Time since last request: 0.000527 seconds.
  path: Assets/Prefabs/Resources/Follow player/Sun 1.prefab
  artifactKey: Guid(b667ecd48302a440c90a8e05962c0ec8) Importer(815301076,1909f56bfc062723c751e8b465ee728b)
Start importing Assets/Prefabs/Resources/Follow player/Sun 1.prefab using Guid(b667ecd48302a440c90a8e05962c0ec8) Importer(815301076,1909f56bfc062723c751e8b465ee728b)  -> (artifact id: 'ff7865a5975c53fb9ce7fdaef288a8d5') in 0.036543 seconds
  Import took 0.047392 seconds .

========================================================================
Received Prepare
Registering precompiled user dll's ...
Registered in 0.000939 seconds.
Begin MonoManager ReloadAssembly
Native extension for OSXStandalone target not found
Refreshing native plugins compatible for Editor in 0.63 ms, found 1 plugins.
Preloading 0 native plugins for Editor in 0.00 ms.
Invoked RoslynAnalysisRunner static constructor.
RoslynAnalysisRunner will not be running.
RoslynAnalysisRunner has terminated.
Mono: successfully reloaded assembly
- Completed reload, in  1.787 seconds
Platform modules already initialized, skipping
Refreshing native plugins compatible for Editor in 0.59 ms, found 1 plugins.
Preloading 0 native plugins for Editor in 0.00 ms.
Unloading 1140 Unused Serialized files (Serialized files now loaded: 0)
System memory in use before: 251.6 MB.
System memory in use after: 251.7 MB.

Unloading 4 unused Assets to reduce memory usage. Loaded Objects now: 1720.
Total: 6.592238 ms (FindLiveObjects: 0.323430 ms CreateObjectMapping: 0.071280 ms MarkObjects: 6.171053 ms  DeleteObjects: 0.023979 ms)

========================================================================
Received Prepare
Registering precompiled user dll's ...
Registered in 0.007612 seconds.
Begin MonoManager ReloadAssembly
Native extension for OSXStandalone target not found
Refreshing native plugins compatible for Editor in 1.08 ms, found 1 plugins.
Preloading 0 native plugins for Editor in 0.00 ms.
Invoked RoslynAnalysisRunner static constructor.
RoslynAnalysisRunner will not be running.
RoslynAnalysisRunner has terminated.
Mono: successfully reloaded assembly
- Completed reload, in  3.213 seconds
Platform modules already initialized, skipping
Refreshing native plugins compatible for Editor in 0.60 ms, found 1 plugins.
Preloading 0 native plugins for Editor in 0.00 ms.
Unloading 1140 Unused Serialized files (Serialized files now loaded: 0)
System memory in use before: 251.9 MB.
System memory in use after: 252.0 MB.

Unloading 4 unused Assets to reduce memory usage. Loaded Objects now: 1722.
Total: 3.691240 ms (FindLiveObjects: 0.417483 ms CreateObjectMapping: 0.130894 ms MarkObjects: 3.112342 ms  DeleteObjects: 0.027885 ms)

========================================================================
Received Import Request.
  Time since last request: 163.425220 seconds.
  path: Assets/Scenes/Level 3.unity
  artifactKey: Guid(b7ed9885cecda4420a99309607c21348) Importer(815301076,1909f56bfc062723c751e8b465ee728b)
Start importing Assets/Scenes/Level 3.unity using Guid(b7ed9885cecda4420a99309607c21348) Importer(815301076,1909f56bfc062723c751e8b465ee728b)  -> (artifact id: 'a339f98c208f4ad4a076c0ce82aa29c7') in 0.030550 seconds
  Import took 0.036344 seconds .

========================================================================
Received Import Request.
  Time since last request: 0.000719 seconds.
  path: Assets/Scenes/Level 3.unity
  artifactKey: Guid(b7ed9885cecda4420a99309607c21348) Importer(815301076,1909f56bfc062723c751e8b465ee728b)
Start importing Assets/Scenes/Level 3.unity using Guid(b7ed9885cecda4420a99309607c21348) Importer(815301076,1909f56bfc062723c751e8b465ee728b)  -> (artifact id: 'a339f98c208f4ad4a076c0ce82aa29c7') in 0.002051 seconds
  Import took 0.007091 seconds .

========================================================================
Received Import Request.
  Time since last request: 58.571596 seconds.
  path: Assets/Scenes/Boot.unity
  artifactKey: Guid(7ef02a19492df40108cb213f203016ef) Importer(815301076,1909f56bfc062723c751e8b465ee728b)
Start importing Assets/Scenes/Boot.unity using Guid(7ef02a19492df40108cb213f203016ef) Importer(815301076,1909f56bfc062723c751e8b465ee728b)  -> (artifact id: '6dbe942e2062dad98aa51e070e905367') in 0.006445 seconds
  Import took 0.020979 seconds .

AssetImportWorkerClient::OnTransportError - code=2 error=End of file
